<?xml version="1.0" encoding="UTF-8"?>
<!-- Generated by org.testng.reporters.JUnitXMLReporter -->
<testsuite ignored="0" hostname="PAT-RICK" failures="0" tests="2" name="Regression Test" time="12.695" errors="0" timestamp="2022-12-12T00:15:13 GMT">
  <testcase classname="com.ultimateqa.courses.testsuite.LoginPageTest" name="userShouldNavigateToLoginPageSuccessfully" time="1.194"/>
  <testcase classname="com.ultimateqa.courses.testsuite.LoginPageTest" name="verifyTheErrorMessage" time="2.618"/>
</testsuite> <!-- Regression Test -->
