<?xml version="1.0" encoding="UTF-8"?>
<testng-results ignored="0" total="2" passed="2" failed="0" skipped="0">
  <reporter-output>
    <line>
      <![CDATA[Click on Login Link [[ChromeDriver: chrome on WINDOWS (335e30873ee37fe0dc3d3971fec1c649)] -> xpath: //li[@class='header__nav-item header__nav-sign-in']//a[1]]]]>
    </line>
    <line>
      <![CDATA[Verify on Welcome Back Text [[ChromeDriver: chrome on WINDOWS (335e30873ee37fe0dc3d3971fec1c649)] -> xpath: //h2[contains(text(),'Welcome Back!')]]]]>
    </line>
    <line>
      <![CDATA[Click on Login Link [[ChromeDriver: chrome on WINDOWS (f93880e5ebc2f46a10c3bf3faf0b8864)] -> xpath: //li[@class='header__nav-item header__nav-sign-in']//a[1]]]]>
    </line>
    <line>
      <![CDATA[Enter Email pratik123@gmail.com to emailAddress field [[ChromeDriver: chrome on WINDOWS (f93880e5ebc2f46a10c3bf3faf0b8864)] -> name: user[email]]]]>
    </line>
    <line>
      <![CDATA[Enter Password FayxlKJK to password field [[ChromeDriver: chrome on WINDOWS (f93880e5ebc2f46a10c3bf3faf0b8864)] -> name: user[password]]]]>
    </line>
    <line>
      <![CDATA[Click on Login Button [[ChromeDriver: chrome on WINDOWS (f93880e5ebc2f46a10c3bf3faf0b8864)] -> xpath: //button[contains(text(),'Sign in')]]]]>
    </line>
    <line>
      <![CDATA[Getting Actual Error Message[[ChromeDriver: chrome on WINDOWS (f93880e5ebc2f46a10c3bf3faf0b8864)] -> xpath: //li[@class='form-error__list-item' and contains(text(),'Invalid email')]]]]>
    </line>
  </reporter-output>
  <suite started-at="2022-12-12T00:15:00 GMT" name="Regression Suite" finished-at="2022-12-12T00:15:13 GMT" duration-ms="12695">
    <groups>
      <group name="regression">
        <method signature="LoginPageTest.userShouldNavigateToLoginPageSuccessfully()[pri:0, instance:com.ultimateqa.courses.testsuite.LoginPageTest@478190fc]" name="userShouldNavigateToLoginPageSuccessfully" class="com.ultimateqa.courses.testsuite.LoginPageTest"/>
        <method signature="LoginPageTest.verifyTheErrorMessage()[pri:0, instance:com.ultimateqa.courses.testsuite.LoginPageTest@478190fc]" name="verifyTheErrorMessage" class="com.ultimateqa.courses.testsuite.LoginPageTest"/>
      </group> <!-- regression -->
      <group name="smoke">
        <method signature="LoginPageTest.verifyTheErrorMessage()[pri:0, instance:com.ultimateqa.courses.testsuite.LoginPageTest@478190fc]" name="verifyTheErrorMessage" class="com.ultimateqa.courses.testsuite.LoginPageTest"/>
      </group> <!-- smoke -->
      <group name="sanity">
        <method signature="LoginPageTest.userShouldNavigateToLoginPageSuccessfully()[pri:0, instance:com.ultimateqa.courses.testsuite.LoginPageTest@478190fc]" name="userShouldNavigateToLoginPageSuccessfully" class="com.ultimateqa.courses.testsuite.LoginPageTest"/>
      </group> <!-- sanity -->
    </groups>
    <test started-at="2022-12-12T00:15:00 GMT" name="Regression Test" finished-at="2022-12-12T00:15:13 GMT" duration-ms="12695">
      <class name="com.ultimateqa.courses.testsuite.LoginPageTest">
        <test-method is-config="true" signature="setUp()[pri:0, instance:com.ultimateqa.courses.testsuite.LoginPageTest@478190fc]" started-at="2022-12-12T00:15:01 GMT" name="setUp" finished-at="2022-12-12T00:15:05 GMT" duration-ms="4653" status="PASS">
          <reporter-output>
          </reporter-output>
        </test-method> <!-- setUp -->
        <test-method is-config="true" signature="inIT()[pri:0, instance:com.ultimateqa.courses.testsuite.LoginPageTest@478190fc]" started-at="2022-12-12T00:15:05 GMT" name="inIT" finished-at="2022-12-12T00:15:05 GMT" duration-ms="19" status="PASS">
          <reporter-output>
          </reporter-output>
        </test-method> <!-- inIT -->
        <test-method signature="userShouldNavigateToLoginPageSuccessfully()[pri:0, instance:com.ultimateqa.courses.testsuite.LoginPageTest@478190fc]" started-at="2022-12-12T00:15:05 GMT" name="userShouldNavigateToLoginPageSuccessfully" finished-at="2022-12-12T00:15:06 GMT" duration-ms="1194" status="PASS">
          <reporter-output>
            <line>
              <![CDATA[Click on Login Link [[ChromeDriver: chrome on WINDOWS (335e30873ee37fe0dc3d3971fec1c649)] -> xpath: //li[@class='header__nav-item header__nav-sign-in']//a[1]]]]>
            </line>
            <line>
              <![CDATA[Verify on Welcome Back Text [[ChromeDriver: chrome on WINDOWS (335e30873ee37fe0dc3d3971fec1c649)] -> xpath: //h2[contains(text(),'Welcome Back!')]]]]>
            </line>
          </reporter-output>
        </test-method> <!-- userShouldNavigateToLoginPageSuccessfully -->
        <test-method is-config="true" signature="tearDown()[pri:0, instance:com.ultimateqa.courses.testsuite.LoginPageTest@478190fc]" started-at="2022-12-12T00:15:07 GMT" name="tearDown" finished-at="2022-12-12T00:15:07 GMT" duration-ms="301" status="PASS">
          <reporter-output>
          </reporter-output>
        </test-method> <!-- tearDown -->
        <test-method is-config="true" signature="setUp()[pri:0, instance:com.ultimateqa.courses.testsuite.LoginPageTest@478190fc]" started-at="2022-12-12T00:15:07 GMT" name="setUp" finished-at="2022-12-12T00:15:10 GMT" duration-ms="3356" status="PASS">
          <reporter-output>
          </reporter-output>
        </test-method> <!-- setUp -->
        <test-method is-config="true" signature="inIT()[pri:0, instance:com.ultimateqa.courses.testsuite.LoginPageTest@478190fc]" started-at="2022-12-12T00:15:10 GMT" name="inIT" finished-at="2022-12-12T00:15:10 GMT" duration-ms="1" status="PASS">
          <reporter-output>
          </reporter-output>
        </test-method> <!-- inIT -->
        <test-method signature="verifyTheErrorMessage()[pri:0, instance:com.ultimateqa.courses.testsuite.LoginPageTest@478190fc]" started-at="2022-12-12T00:15:10 GMT" name="verifyTheErrorMessage" finished-at="2022-12-12T00:15:13 GMT" duration-ms="2618" status="PASS">
          <reporter-output>
            <line>
              <![CDATA[Click on Login Link [[ChromeDriver: chrome on WINDOWS (f93880e5ebc2f46a10c3bf3faf0b8864)] -> xpath: //li[@class='header__nav-item header__nav-sign-in']//a[1]]]]>
            </line>
            <line>
              <![CDATA[Enter Email pratik123@gmail.com to emailAddress field [[ChromeDriver: chrome on WINDOWS (f93880e5ebc2f46a10c3bf3faf0b8864)] -> name: user[email]]]]>
            </line>
            <line>
              <![CDATA[Enter Password FayxlKJK to password field [[ChromeDriver: chrome on WINDOWS (f93880e5ebc2f46a10c3bf3faf0b8864)] -> name: user[password]]]]>
            </line>
            <line>
              <![CDATA[Click on Login Button [[ChromeDriver: chrome on WINDOWS (f93880e5ebc2f46a10c3bf3faf0b8864)] -> xpath: //button[contains(text(),'Sign in')]]]]>
            </line>
            <line>
              <![CDATA[Getting Actual Error Message[[ChromeDriver: chrome on WINDOWS (f93880e5ebc2f46a10c3bf3faf0b8864)] -> xpath: //li[@class='form-error__list-item' and contains(text(),'Invalid email')]]]]>
            </line>
          </reporter-output>
        </test-method> <!-- verifyTheErrorMessage -->
        <test-method is-config="true" signature="tearDown()[pri:0, instance:com.ultimateqa.courses.testsuite.LoginPageTest@478190fc]" started-at="2022-12-12T00:15:13 GMT" name="tearDown" finished-at="2022-12-12T00:15:13 GMT" duration-ms="234" status="PASS">
          <reporter-output>
          </reporter-output>
        </test-method> <!-- tearDown -->
      </class> <!-- com.ultimateqa.courses.testsuite.LoginPageTest -->
    </test> <!-- Regression Test -->
  </suite> <!-- Regression Suite -->
</testng-results>
